<?xml version="1.0" encoding="UTF-8"?>
<!-- Generated by org.testng.reporters.JUnitReportReporter -->
<testsuite skipped="0" hostname="TK-IN-PC" name="loginTestCases.Both_Incorrect" tests="1" failures="0" timestamp="2020-01-09T23:37:30 IST" time="10.465" errors="0">
  <testcase name="loginWithBoth_InCorrect" time="10.465" classname="loginTestCases.Both_Incorrect"/>
</testsuite> <!-- loginTestCases.Both_Incorrect -->
