<?xml version="1.0" encoding="UTF-8"?>
<!-- Generated by org.testng.reporters.JUnitReportReporter -->
<testsuite skipped="0" hostname="TK-IN-PC" name="loginTestCases.CorrectPassword" tests="1" failures="0" timestamp="2020-01-09T23:37:30 IST" time="10.735" errors="0">
  <testcase name="loginWithCorrectPassword" time="10.735" classname="loginTestCases.CorrectPassword"/>
</testsuite> <!-- loginTestCases.CorrectPassword -->
