<?xml version="1.0" encoding="UTF-8"?>
<!-- Generated by org.testng.reporters.JUnitReportReporter -->
<testsuite skipped="0" hostname="TK-IN-PC" name="loginTestCases.Both_Correct" tests="1" failures="0" timestamp="2020-01-09T23:37:30 IST" time="17.076" errors="0">
  <testcase name="loginWithBoth_InCorrect" time="17.076" classname="loginTestCases.Both_Correct"/>
</testsuite> <!-- loginTestCases.Both_Correct -->
